Using pre-set license
Built from '2022.3/release' branch; Version is '2022.3.12f1 (4fe6e059c7ef) revision 5236448'; Using compiler version '192829333'; Build Type 'Release'
OS: 'Windows 11  (10.0.22621) 64bit Professional' Language: 'pt' Physical Memory: 14267 MB
BatchMode: 1, IsHumanControllingUs: 0, StartBugReporterOnCrash: 0, Is64bit: 1, IsPro: 1

COMMAND LINE ARGUMENTS:
D:\Windows_Programs\UnityHub\2022.3.12f1\Editor\Unity.exe
-adb2
-batchMode
-noUpm
-name
AssetImportWorker0
-projectPath
D:/Projeto_Jogo/Jogo_Folclore_Computacao_Grafica
-logFile
Logs/AssetImportWorker0.log
-srvPort
64916
Successfully changed project path to: D:/Projeto_Jogo/Jogo_Folclore_Computacao_Grafica
D:/Projeto_Jogo/Jogo_Folclore_Computacao_Grafica
[UnityMemory] Configuration Parameters - Can be set up in boot.config
    "memorysetup-bucket-allocator-granularity=16"
    "memorysetup-bucket-allocator-bucket-count=8"
    "memorysetup-bucket-allocator-block-size=33554432"
    "memorysetup-bucket-allocator-block-count=8"
    "memorysetup-main-allocator-block-size=16777216"
    "memorysetup-thread-allocator-block-size=16777216"
    "memorysetup-gfx-main-allocator-block-size=16777216"
    "memorysetup-gfx-thread-allocator-block-size=16777216"
    "memorysetup-cache-allocator-block-size=4194304"
    "memorysetup-typetree-allocator-block-size=2097152"
    "memorysetup-profiler-bucket-allocator-granularity=16"
    "memorysetup-profiler-bucket-allocator-bucket-count=8"
    "memorysetup-profiler-bucket-allocator-block-size=33554432"
    "memorysetup-profiler-bucket-allocator-block-count=8"
    "memorysetup-profiler-allocator-block-size=16777216"
    "memorysetup-profiler-editor-allocator-block-size=1048576"
    "memorysetup-temp-allocator-size-main=16777216"
    "memorysetup-job-temp-allocator-block-size=2097152"
    "memorysetup-job-temp-allocator-block-size-background=1048576"
    "memorysetup-job-temp-allocator-reduction-small-platforms=262144"
    "memorysetup-allocator-temp-initial-block-size-main=262144"
    "memorysetup-allocator-temp-initial-block-size-worker=262144"
    "memorysetup-temp-allocator-size-background-worker=32768"
    "memorysetup-temp-allocator-size-job-worker=262144"
    "memorysetup-temp-allocator-size-preload-manager=33554432"
    "memorysetup-temp-allocator-size-nav-mesh-worker=65536"
    "memorysetup-temp-allocator-size-audio-worker=65536"
    "memorysetup-temp-allocator-size-cloud-worker=32768"
    "memorysetup-temp-allocator-size-gi-baking-worker=262144"
    "memorysetup-temp-allocator-size-gfx=262144"
Player connection [13492] Host "[IP] 192.168.1.6 [Port] 0 [Flags] 2 [Guid] 407851080 [EditorId] 407851080 [Version] 1048832 [Id] WindowsEditor(7,Windows_11) [Debug] 1 [PackageName] WindowsEditor [ProjectName] Editor" joined multi-casting on [225.0.0.222:54997]...

Player connection [13492] Host "[IP] 192.168.1.6 [Port] 0 [Flags] 2 [Guid] 407851080 [EditorId] 407851080 [Version] 1048832 [Id] WindowsEditor(7,Windows_11) [Debug] 1 [PackageName] WindowsEditor [ProjectName] Editor" joined alternative multi-casting on [225.0.0.222:34997]...

[Physics::Module] Initialized MultithreadedJobDispatcher with 3 workers.
Refreshing native plugins compatible for Editor in 6.23 ms, found 3 plugins.
Preloading 0 native plugins for Editor in 0.00 ms.
Initialize engine version: 2022.3.12f1 (4fe6e059c7ef)
[Subsystems] Discovering subsystems at path D:/Windows_Programs/UnityHub/2022.3.12f1/Editor/Data/Resources/UnitySubsystems
[Subsystems] Discovering subsystems at path D:/Projeto_Jogo/Jogo_Folclore_Computacao_Grafica/Assets
GfxDevice: creating device client; threaded=0; jobified=0
Direct3D:
    Version:  Direct3D 11.0 [level 11.1]
    Renderer: AMD Radeon(TM) Vega 8 Graphics (ID=0x15dd)
    Vendor:   ATI
    VRAM:     7133 MB
    Driver:   30.0.13014.8
Initialize mono
Mono path[0] = 'D:/Windows_Programs/UnityHub/2022.3.12f1/Editor/Data/Managed'
Mono path[1] = 'D:/Windows_Programs/UnityHub/2022.3.12f1/Editor/Data/MonoBleedingEdge/lib/mono/unityjit-win32'
Mono config path = 'D:/Windows_Programs/UnityHub/2022.3.12f1/Editor/Data/MonoBleedingEdge/etc'
Using monoOptions --debugger-agent=transport=dt_socket,embedding=1,server=y,suspend=n,address=127.0.0.1:56032
Begin MonoManager ReloadAssembly
Registering precompiled unity dll's ...
Register platform support module: D:/Windows_Programs/UnityHub/2022.3.12f1/Editor/Data/PlaybackEngines/WebGLSupport/UnityEditor.WebGL.Extensions.dll
Register platform support module: D:/Windows_Programs/UnityHub/2022.3.12f1/Editor/Data/PlaybackEngines/WindowsStandaloneSupport/UnityEditor.WindowsStandalone.Extensions.dll
Registered in 0.004279 seconds.
- Loaded All Assemblies, in  0.452 seconds
Native extension for WindowsStandalone target not found
Native extension for WebGL target not found
Mono: successfully reloaded assembly
- Finished resetting the current domain, in  0.362 seconds
Domain Reload Profiling: 815ms
	BeginReloadAssembly (136ms)
		ExecutionOrderSort (0ms)
		DisableScriptedObjects (0ms)
		BackupInstance (0ms)
		ReleaseScriptingObjects (0ms)
		CreateAndSetChildDomain (1ms)
	RebuildCommonClasses (50ms)
	RebuildNativeTypeToScriptingClass (15ms)
	initialDomainReloadingComplete (66ms)
	LoadAllAssembliesAndSetupDomain (184ms)
		LoadAssemblies (135ms)
		RebuildTransferFunctionScriptingTraits (0ms)
		AnalyzeDomain (182ms)
			TypeCache.Refresh (180ms)
				TypeCache.ScanAssembly (165ms)
			ScanForSourceGeneratedMonoScriptInfo (0ms)
			ResolveRequiredComponents (1ms)
	FinalizeReload (363ms)
		ReleaseScriptCaches (0ms)
		RebuildScriptCaches (0ms)
		SetupLoadedEditorAssemblies (285ms)
			LogAssemblyErrors (0ms)
			InitializePlatformSupportModulesInManaged (12ms)
			SetLoadedEditorAssemblies (6ms)
			RefreshPlugins (0ms)
			BeforeProcessingInitializeOnLoad (3ms)
			ProcessInitializeOnLoadAttributes (189ms)
			ProcessInitializeOnLoadMethodAttributes (74ms)
			AfterProcessingInitializeOnLoad (0ms)
			EditorAssembliesLoaded (0ms)
		ExecutionOrderSort2 (0ms)
		AwakeInstancesAfterBackupRestoration (0ms)
========================================================================
Worker process is ready to serve import requests
Begin MonoManager ReloadAssembly
- Loaded All Assemblies, in  0.738 seconds
Refreshing native plugins compatible for Editor in 2.92 ms, found 3 plugins.
Native extension for WindowsStandalone target not found
Native extension for WebGL target not found
System.Exception: Error! Visual Scripting: couldn't find visual scripting package
  at Unity.VisualScripting.PackageVersionUtility.get_version () [0x00043] in .\Library\PackageCache\com.unity.visualscripting@1.9.1\Editor\VisualScripting.Core\Utilities\PackageVersionUtility.cs:31 
  at Unity.VisualScripting.BoltCoreManifest.get_version () [0x00000] in .\Library\PackageCache\com.unity.visualscripting@1.9.1\Editor\VisualScripting.Core\Plugin\BoltCoreManifest.cs:11 
  at Unity.VisualScripting.PluginManifest.get_currentVersion () [0x00000] in .\Library\PackageCache\com.unity.visualscripting@1.9.1\Editor\VisualScripting.Core\Plugins\PluginManifest.cs:33 
  at Unity.VisualScripting.PluginManifest.get_versionMismatch () [0x00000] in .\Library\PackageCache\com.unity.visualscripting@1.9.1\Editor\VisualScripting.Core\Plugins\PluginManifest.cs:48 
  at Unity.VisualScripting.PluginContainer.Initialize () [0x00525] in .\Library\PackageCache\com.unity.visualscripting@1.9.1\Editor\VisualScripting.Core\Plugins\PluginContainer.cs:208 
  at Unity.VisualScripting.PluginContainer.InitializeOnLoad () [0x00009] in .\Library\PackageCache\com.unity.visualscripting@1.9.1\Editor\VisualScripting.Core\Plugins\PluginContainer.cs:32 
  at Unity.VisualScripting.VSUsageUtility.DoInitializeOnLoadCalls () [0x00034] in .\Library\PackageCache\com.unity.visualscripting@1.9.1\Editor\VisualScripting.Core\Utilities\VSUsageUtility.cs:76 
  at Unity.VisualScripting.VSUsageUtility.set_isVisualScriptingUsed (System.Boolean value) [0x0002c] in .\Library\PackageCache\com.unity.visualscripting@1.9.1\Editor\VisualScripting.Core\Utilities\VSUsageUtility.cs:114 
  at Unity.VisualScripting.VSUsageUtility.CheckAndSetIsVisualScriptingUsed () [0x00032] in .\Library\PackageCache\com.unity.visualscripting@1.9.1\Editor\VisualScripting.Core\Utilities\VSUsageUtility.cs:48 
  at Unity.VisualScripting.VSUsageUtility..cctor () [0x00000] in .\Library\PackageCache\com.unity.visualscripting@1.9.1\Editor\VisualScripting.Core\Utilities\VSUsageUtility.cs:22 
UnityEngine.StackTraceUtility:ExtractStackTrace ()
UnityEngine.DebugLogHandler:LogFormat (UnityEngine.LogType,UnityEngine.Object,string,object[])
UnityEngine.Logger:Log (UnityEngine.LogType,object)
UnityEngine.Debug:LogError (object)
UnityEditor.EditorAssemblies:ProcessInitializeOnLoadAttributes (System.Type[])

Package Manager log level set to [2]
[Package Manager] Server::EnsureServerProcessIsRunning -- launch failed, reason: Unity was launched with the -noUpm command-line argument
[Package Manager] UpmClient::Send -- Unable to send message (not connected to UPM process).
[Package Manager] Cannot connect to Unity Package Manager local server
Mono: successfully reloaded assembly
- Finished resetting the current domain, in  1.239 seconds
Domain Reload Profiling: 1978ms
	BeginReloadAssembly (183ms)
		ExecutionOrderSort (0ms)
		DisableScriptedObjects (8ms)
		BackupInstance (0ms)
		ReleaseScriptingObjects (0ms)
		CreateAndSetChildDomain (27ms)
	RebuildCommonClasses (61ms)
	RebuildNativeTypeToScriptingClass (13ms)
	initialDomainReloadingComplete (55ms)
	LoadAllAssembliesAndSetupDomain (426ms)
		LoadAssemblies (298ms)
		RebuildTransferFunctionScriptingTraits (0ms)
		AnalyzeDomain (227ms)
			TypeCache.Refresh (203ms)
				TypeCache.ScanAssembly (187ms)
			ScanForSourceGeneratedMonoScriptInfo (17ms)
			ResolveRequiredComponents (5ms)
	FinalizeReload (1240ms)
		ReleaseScriptCaches (0ms)
		RebuildScriptCaches (0ms)
		SetupLoadedEditorAssemblies (1031ms)
			LogAssemblyErrors (0ms)
			InitializePlatformSupportModulesInManaged (6ms)
			SetLoadedEditorAssemblies (6ms)
			RefreshPlugins (0ms)
			BeforeProcessingInitializeOnLoad (74ms)
			ProcessInitializeOnLoadAttributes (913ms)
			ProcessInitializeOnLoadMethodAttributes (29ms)
			AfterProcessingInitializeOnLoad (2ms)
			EditorAssembliesLoaded (0ms)
		ExecutionOrderSort2 (0ms)
		AwakeInstancesAfterBackupRestoration (9ms)
Launched and connected shader compiler UnityShaderCompiler.exe after 0.05 seconds
Refreshing native plugins compatible for Editor in 2.06 ms, found 3 plugins.
Preloading 0 native plugins for Editor in 0.00 ms.
Unloading 3087 Unused Serialized files (Serialized files now loaded: 0)
Unloading 32 unused Assets / (57.4 KB). Loaded Objects now: 3571.
Memory consumption went from 131.3 MB to 131.2 MB.
Total: 15.565700 ms (FindLiveObjects: 0.302600 ms CreateObjectMapping: 0.095900 ms MarkObjects: 14.990100 ms  DeleteObjects: 0.175200 ms)

AssetImportParameters requested are different than current active one (requested -> active):
  custom:container-demuxer-ogg: 62fdf1f143b41e24485cea50d1cbac27 -> 
  custom:video-codec-MediaFoundation-h265: 746d11721c4dcdbdad8f713fa42b33f4 -> 
  custom:video-decoder-ogg-theora: a1e56fd34408186e4bbccfd4996cb3dc -> 
  custom:framework-win-MediaFoundation: 216162199b28c13a410421893ffa2e32 -> 
  custom:container-demuxer-webm: 4f35f7cbe854078d1ac9338744f61a02 -> 
  custom:container-muxer-webm: aa71ff27fc2769a1b78a27578f13a17b -> 
  custom:video-decoder-webm-vp8: 9c59270c3fd7afecdb556c50c9e8de78 -> 
  custom:AudioImporter_EditorPlatform: d09bf68614088b80899f8185d706f6e7 -> 
  custom:video-encoder-webm-vp8: eb34c28f22e8b96e1ab97ce403110664 -> 
  custom:audio-decoder-ogg-vorbis: bf7c407c2cedff20999df2af8eb42d56 -> 
  custom:audio-encoder-webm-vorbis: bf7c407c2cedff20999df2af8eb42d56 -> 
========================================================================
Received Import Request.
  Time since last request: 161588.724753 seconds.
  path: Assets/SkySeries Freebie/ExampleScenes/SundownFreebieDemo.unity
  artifactKey: Guid(fe6b9a1767cfb80428cc8d62702d38e6) Importer(815301076,1909f56bfc062723c751e8b465ee728b)
Start importing Assets/SkySeries Freebie/ExampleScenes/SundownFreebieDemo.unity using Guid(fe6b9a1767cfb80428cc8d62702d38e6) Importer(815301076,1909f56bfc062723c751e8b465ee728b)  -> (artifact id: '3b763da012906014538a1639897db2f9') in 0.002109 seconds
Number of updated asset objects reloaded before import = 0
Number of asset objects unloaded after import = 0
========================================================================
Received Import Request.
  Time since last request: 0.244022 seconds.
  path: Assets/SkySeries Freebie/FreebieHdri/UnderTheSea4k.hdr
  artifactKey: Guid(26cddb2a3a1bc804d8e9ca09b109793a) Importer(815301076,1909f56bfc062723c751e8b465ee728b)
Start importing Assets/SkySeries Freebie/FreebieHdri/UnderTheSea4k.hdr using Guid(26cddb2a3a1bc804d8e9ca09b109793a) Importer(815301076,1909f56bfc062723c751e8b465ee728b)  -> (artifact id: 'bed26c9defc62cd9ecc491b0d8ae4b7b') in 0.010153 seconds
Number of updated asset objects reloaded before import = 0
Number of asset objects unloaded after import = 1
========================================================================
Received Import Request.
  Time since last request: 0.002921 seconds.
  path: Assets/SkySeries Freebie/ExampleScenes/SceneObjects/2_10.mat
  artifactKey: Guid(eb10b6f571322b443bec8c532c088270) Importer(815301076,1909f56bfc062723c751e8b465ee728b)
Start importing Assets/SkySeries Freebie/ExampleScenes/SceneObjects/2_10.mat using Guid(eb10b6f571322b443bec8c532c088270) Importer(815301076,1909f56bfc062723c751e8b465ee728b)  -> (artifact id: 'c205b75ae14622d65b14266aa3c4cbf1') in 0.125729 seconds
Number of updated asset objects reloaded before import = 0
Number of asset objects unloaded after import = 1
========================================================================
Received Import Request.
  Time since last request: 0.000022 seconds.
  path: Assets/SkySeries Freebie/ExampleScenes/CosmicCoolCloud.unity
  artifactKey: Guid(919d3dbc008ab724da78b594b20b503d) Importer(815301076,1909f56bfc062723c751e8b465ee728b)
Start importing Assets/SkySeries Freebie/ExampleScenes/CosmicCoolCloud.unity using Guid(919d3dbc008ab724da78b594b20b503d) Importer(815301076,1909f56bfc062723c751e8b465ee728b)  -> (artifact id: 'b6725a8d6916031322bf5b91edf5e583') in 0.000492 seconds
Number of updated asset objects reloaded before import = 0
Number of asset objects unloaded after import = 0
========================================================================
Received Import Request.
  Time since last request: 0.025397 seconds.
  path: Assets/FreeVegetation-LowPolyNature/FreeVegetation/Prefabs/Bush_1_2.prefab
  artifactKey: Guid(e8e4c79974d5dd2469bc0c0055921376) Importer(815301076,1909f56bfc062723c751e8b465ee728b)
Start importing Assets/FreeVegetation-LowPolyNature/FreeVegetation/Prefabs/Bush_1_2.prefab using Guid(e8e4c79974d5dd2469bc0c0055921376) Importer(815301076,1909f56bfc062723c751e8b465ee728b)  -> (artifact id: 'cb8979239aace5c7e83d020217367714') in 0.033564 seconds
Number of updated asset objects reloaded before import = 0
Number of asset objects unloaded after import = 16
========================================================================
Received Import Request.
  Time since last request: 0.003088 seconds.
  path: Assets/Scripts/Inimigo.cs
  artifactKey: Guid(454de136df82d0f4caac95a439718d69) Importer(815301076,1909f56bfc062723c751e8b465ee728b)
Start importing Assets/Scripts/Inimigo.cs using Guid(454de136df82d0f4caac95a439718d69) Importer(815301076,1909f56bfc062723c751e8b465ee728b)  -> (artifact id: 'd5bdcadd1b603289fe9799886d979e31') in 0.000661 seconds
Number of updated asset objects reloaded before import = 0
Number of asset objects unloaded after import = 0
========================================================================
Received Import Request.
  Time since last request: 0.005246 seconds.
  path: Assets/Textures/personagem/olho/Materials
  artifactKey: Guid(3f36e2bb3e3aee94a87fb33a647534ee) Importer(815301076,1909f56bfc062723c751e8b465ee728b)
Start importing Assets/Textures/personagem/olho/Materials using Guid(3f36e2bb3e3aee94a87fb33a647534ee) Importer(815301076,1909f56bfc062723c751e8b465ee728b)  -> (artifact id: '810feb6f3df25d2ecca7d52caa54d93d') in 0.000572 seconds
Number of updated asset objects reloaded before import = 0
Number of asset objects unloaded after import = 0
========================================================================
Received Import Request.
  Time since last request: 0.002762 seconds.
  path: Assets/Animations/Characther/AnimatorController.controller
  artifactKey: Guid(ad065cf330eb2f34bb7185fc8e05f7fa) Importer(815301076,1909f56bfc062723c751e8b465ee728b)
Start importing Assets/Animations/Characther/AnimatorController.controller using Guid(ad065cf330eb2f34bb7185fc8e05f7fa) Importer(815301076,1909f56bfc062723c751e8b465ee728b)  -> (artifact id: 'cc35e1f42f3aba815e1133b62819dd9f') in 0.007558 seconds
Number of updated asset objects reloaded before import = 0
Number of asset objects unloaded after import = 30
========================================================================
Received Import Request.
  Time since last request: 0.002125 seconds.
  path: Assets/Textures/personagem/calçado/Materials/outfit-f-casual-01-v2-footwear-D.mat
  artifactKey: Guid(7616486ac2ed46941a86e9db66aa77dd) Importer(815301076,1909f56bfc062723c751e8b465ee728b)
Start importing Assets/Textures/personagem/calçado/Materials/outfit-f-casual-01-v2-footwear-D.mat using Guid(7616486ac2ed46941a86e9db66aa77dd) Importer(815301076,1909f56bfc062723c751e8b465ee728b)  -> (artifact id: 'c2fbb5f3d60945cd89a7035022cd428e') in 0.015777 seconds
Number of updated asset objects reloaded before import = 0
Number of asset objects unloaded after import = 2
========================================================================
Received Import Request.
  Time since last request: 0.013416 seconds.
  path: Assets/FreeVegetation-LowPolyNature/FreeVegetation/Prefabs/Grass_2_1.prefab
  artifactKey: Guid(1ddaf242dd01c744393cf9bd8a9334d1) Importer(815301076,1909f56bfc062723c751e8b465ee728b)
Start importing Assets/FreeVegetation-LowPolyNature/FreeVegetation/Prefabs/Grass_2_1.prefab using Guid(1ddaf242dd01c744393cf9bd8a9334d1) Importer(815301076,1909f56bfc062723c751e8b465ee728b)  -> (artifact id: 'db613c729f7f1b4cbc47a5648755856c') in 0.018453 seconds
Number of updated asset objects reloaded before import = 0
Number of asset objects unloaded after import = 9
========================================================================
Received Import Request.
  Time since last request: 0.002915 seconds.
  path: Assets/Textures/personagem/cal+ºado/Materials/outfit-f-casual-01-v2-footwear-N.mat
  artifactKey: Guid(da0ffeccdf49f454dbde445c856879a5) Importer(815301076,1909f56bfc062723c751e8b465ee728b)
Start importing Assets/Textures/personagem/cal+ºado/Materials/outfit-f-casual-01-v2-footwear-N.mat using Guid(da0ffeccdf49f454dbde445c856879a5) Importer(815301076,1909f56bfc062723c751e8b465ee728b)  -> (artifact id: '255bf84320ade9e2e58542224bc167ab') in 0.013987 seconds
Number of updated asset objects reloaded before import = 0
Number of asset objects unloaded after import = 2
========================================================================
Received Import Request.
  Time since last request: 0.004935 seconds.
  path: Assets/SkySeries Freebie/ExampleScenes/SceneObjects/8_10.mat
  artifactKey: Guid(964f6a34e2240bf45940918b112ce7be) Importer(815301076,1909f56bfc062723c751e8b465ee728b)
Start importing Assets/SkySeries Freebie/ExampleScenes/SceneObjects/8_10.mat using Guid(964f6a34e2240bf45940918b112ce7be) Importer(815301076,1909f56bfc062723c751e8b465ee728b)  -> (artifact id: '07e0b1857b26f60cf151cf7c3a8ba264') in 0.013522 seconds
Number of updated asset objects reloaded before import = 0
Number of asset objects unloaded after import = 1
========================================================================
Received Import Request.
  Time since last request: 0.014019 seconds.
  path: Assets/Textures/personagem/m+úo/baseColor.002.jpg
  artifactKey: Guid(b0b5c5196e75f4046a99029f56e28b76) Importer(815301076,1909f56bfc062723c751e8b465ee728b)
Start importing Assets/Textures/personagem/m+úo/baseColor.002.jpg using Guid(b0b5c5196e75f4046a99029f56e28b76) Importer(815301076,1909f56bfc062723c751e8b465ee728b)  -> (artifact id: '0c3045034fbf8805d6239be237f237cc') in 0.045301 seconds
Number of updated asset objects reloaded before import = 0
Number of asset objects unloaded after import = 2
========================================================================
Received Import Request.
  Time since last request: 0.027669 seconds.
  path: Assets/FreeVegetation-LowPolyNature/Demo
  artifactKey: Guid(4e6ad89b99a96eb49ac086e4ede06ecd) Importer(815301076,1909f56bfc062723c751e8b465ee728b)
Start importing Assets/FreeVegetation-LowPolyNature/Demo using Guid(4e6ad89b99a96eb49ac086e4ede06ecd) Importer(815301076,1909f56bfc062723c751e8b465ee728b)  -> (artifact id: '202ce150039ecc4d8e3cbdeef79accce') in 0.000713 seconds
Number of updated asset objects reloaded before import = 0
Number of asset objects unloaded after import = 0
========================================================================
Received Import Request.
  Time since last request: 0.143696 seconds.
  path: Assets/Textures/personagem/cabelo/Materials/hair-19-N.mat
  artifactKey: Guid(a0e2d4f0d4f258e4799ac3f9c8a763e4) Importer(815301076,1909f56bfc062723c751e8b465ee728b)
Start importing Assets/Textures/personagem/cabelo/Materials/hair-19-N.mat using Guid(a0e2d4f0d4f258e4799ac3f9c8a763e4) Importer(815301076,1909f56bfc062723c751e8b465ee728b)  -> (artifact id: '79939a385d03ae87ede70e96a0c1e07e') in 0.050012 seconds
Number of updated asset objects reloaded before import = 0
Number of asset objects unloaded after import = 2
========================================================================
Received Import Request.
  Time since last request: 0.004472 seconds.
  path: Assets/Textures/personagem/tor+ºo/Materials/outfit-f-casual-01-v2-top-R.mat
  artifactKey: Guid(88b3aae10cd05384c91b6bc2d0928dc7) Importer(815301076,1909f56bfc062723c751e8b465ee728b)
Start importing Assets/Textures/personagem/tor+ºo/Materials/outfit-f-casual-01-v2-top-R.mat using Guid(88b3aae10cd05384c91b6bc2d0928dc7) Importer(815301076,1909f56bfc062723c751e8b465ee728b)  -> (artifact id: '88f083d6cec347b72bda0f0bdf2d6aa8') in 0.083512 seconds
Number of updated asset objects reloaded before import = 0
Number of asset objects unloaded after import = 2
========================================================================
Received Import Request.
  Time since last request: 0.004113 seconds.
  path: Assets/FreeVegetation-LowPolyNature/FreeVegetation/Prefabs/Plant_1_1.prefab
  artifactKey: Guid(18e11e0f358c3684abd2b1363d394d68) Importer(815301076,1909f56bfc062723c751e8b465ee728b)
Start importing Assets/FreeVegetation-LowPolyNature/FreeVegetation/Prefabs/Plant_1_1.prefab using Guid(18e11e0f358c3684abd2b1363d394d68) Importer(815301076,1909f56bfc062723c751e8b465ee728b)  -> (artifact id: 'd2f28b43b17bfcf654f870562154a80c') in 0.013684 seconds
Number of updated asset objects reloaded before import = 0
Number of asset objects unloaded after import = 9
========================================================================
Received Import Request.
  Time since last request: 0.064178 seconds.
  path: Assets/Textures/personagem/tor+ºo/outfit-f-casual-01-v2-top-R.jpg
  artifactKey: Guid(ba7dfebac78d2ca4193c488ae0b37a60) Importer(815301076,1909f56bfc062723c751e8b465ee728b)
Start importing Assets/Textures/personagem/tor+ºo/outfit-f-casual-01-v2-top-R.jpg using Guid(ba7dfebac78d2ca4193c488ae0b37a60) Importer(815301076,1909f56bfc062723c751e8b465ee728b)  -> (artifact id: '2ee3a0f3d75330ae1826a0e3b2e1e937') in 0.013966 seconds
Number of updated asset objects reloaded before import = 0
Number of asset objects unloaded after import = 2
========================================================================
Received Import Request.
  Time since last request: 0.002741 seconds.
  path: Assets/Textures/personagem/perna/Materials
  artifactKey: Guid(de83d318b444d0641b5b5d99f51ef311) Importer(815301076,1909f56bfc062723c751e8b465ee728b)
Start importing Assets/Textures/personagem/perna/Materials using Guid(de83d318b444d0641b5b5d99f51ef311) Importer(815301076,1909f56bfc062723c751e8b465ee728b)  -> (artifact id: 'fd7b4e7af2ea8b88dcd7563c0947a507') in 0.000615 seconds
Number of updated asset objects reloaded before import = 0
Number of asset objects unloaded after import = 0
========================================================================
Received Import Request.
  Time since last request: 0.002955 seconds.
  path: Assets/Textures/personagem/m+úo/Materials/Wolf3D_Female_Athletic_nm.mat
  artifactKey: Guid(2075e914f0b6d4340994443befe65960) Importer(815301076,1909f56bfc062723c751e8b465ee728b)
Start importing Assets/Textures/personagem/m+úo/Materials/Wolf3D_Female_Athletic_nm.mat using Guid(2075e914f0b6d4340994443befe65960) Importer(815301076,1909f56bfc062723c751e8b465ee728b)  -> (artifact id: '3dfe3cc1b7a82931dadb22d04197fa38') in 0.028628 seconds
Number of updated asset objects reloaded before import = 0
Number of asset objects unloaded after import = 2
========================================================================
Received Import Request.
  Time since last request: 0.416264 seconds.
  path: Assets/Textures/personagem/cal+ºado/Materials
  artifactKey: Guid(f140ccfb3ee5b734ea39c13e7381b8c0) Importer(815301076,1909f56bfc062723c751e8b465ee728b)
Start importing Assets/Textures/personagem/cal+ºado/Materials using Guid(f140ccfb3ee5b734ea39c13e7381b8c0) Importer(815301076,1909f56bfc062723c751e8b465ee728b)  -> (artifact id: 'e9f0260a307e70a72f6a47226c87c8b6') in 0.000577 seconds
Number of updated asset objects reloaded before import = 0
Number of asset objects unloaded after import = 0
========================================================================
Received Import Request.
  Time since last request: 0.025656 seconds.
  path: Assets/Textures/personagem/mão/Wolf3D_Female_Athletic_nm.jpg
  artifactKey: Guid(6235099128644b24c9a2790ef21d972a) Importer(815301076,1909f56bfc062723c751e8b465ee728b)
Start importing Assets/Textures/personagem/mão/Wolf3D_Female_Athletic_nm.jpg using Guid(6235099128644b24c9a2790ef21d972a) Importer(815301076,1909f56bfc062723c751e8b465ee728b)  -> (artifact id: '6ef24633833cc8ab533e8d25d9ea365b') in 0.029594 seconds
Number of updated asset objects reloaded before import = 0
Number of asset objects unloaded after import = 2
========================================================================
Received Import Request.
  Time since last request: 0.002939 seconds.
  path: Assets/Textures/personagem/tor+ºo
  artifactKey: Guid(706c9a5965a569241bfe3edf0d058e88) Importer(815301076,1909f56bfc062723c751e8b465ee728b)
Start importing Assets/Textures/personagem/tor+ºo using Guid(706c9a5965a569241bfe3edf0d058e88) Importer(815301076,1909f56bfc062723c751e8b465ee728b)  -> (artifact id: '3759222d97804a3a4a26298ace0b3986') in 0.000726 seconds
Number of updated asset objects reloaded before import = 0
Number of asset objects unloaded after import = 0
========================================================================
Received Import Request.
  Time since last request: 0.016512 seconds.
  path: Assets/Textures/personagem/m+úo/Wolf3D_Female_Athletic_nm.jpg
  artifactKey: Guid(bdc12879cfa3b954f998add9e7c83bb7) Importer(815301076,1909f56bfc062723c751e8b465ee728b)
Start importing Assets/Textures/personagem/m+úo/Wolf3D_Female_Athletic_nm.jpg using Guid(bdc12879cfa3b954f998add9e7c83bb7) Importer(815301076,1909f56bfc062723c751e8b465ee728b)  -> (artifact id: 'b1cb9851356d10d7010acbfdb187e5a4') in 0.032013 seconds
Number of updated asset objects reloaded before import = 0
Number of asset objects unloaded after import = 2
========================================================================
Received Import Request.
  Time since last request: 0.011259 seconds.
  path: Assets/Textures/personagem/torço/outfit-f-casual-01-v2-top-D.jpg
  artifactKey: Guid(fc99abc8c6f5da54cb2695a8f076d009) Importer(815301076,1909f56bfc062723c751e8b465ee728b)
Start importing Assets/Textures/personagem/torço/outfit-f-casual-01-v2-top-D.jpg using Guid(fc99abc8c6f5da54cb2695a8f076d009) Importer(815301076,1909f56bfc062723c751e8b465ee728b)  -> (artifact id: 'a00afbafad98a41414394f40f7ca8446') in 0.013938 seconds
Number of updated asset objects reloaded before import = 0
Number of asset objects unloaded after import = 2
========================================================================
Received Import Request.
  Time since last request: 0.002601 seconds.
  path: Assets/Textures/personagem/olho
  artifactKey: Guid(68b1234ef1fc88347ad11abfd16684e9) Importer(815301076,1909f56bfc062723c751e8b465ee728b)
Start importing Assets/Textures/personagem/olho using Guid(68b1234ef1fc88347ad11abfd16684e9) Importer(815301076,1909f56bfc062723c751e8b465ee728b)  -> (artifact id: '4b9a1b33a3fcc9b75f52f5efa3f43dc7') in 0.000669 seconds
Number of updated asset objects reloaded before import = 0
Number of asset objects unloaded after import = 0
========================================================================
Received Import Request.
  Time since last request: 0.002146 seconds.
  path: Assets/Scripts
  artifactKey: Guid(beca14e6d577edf4d9d3f6e907bcd3e4) Importer(815301076,1909f56bfc062723c751e8b465ee728b)
Start importing Assets/Scripts using Guid(beca14e6d577edf4d9d3f6e907bcd3e4) Importer(815301076,1909f56bfc062723c751e8b465ee728b)  -> (artifact id: '4d78a058c88736529ba8cb295908a7f6') in 0.000516 seconds
Number of updated asset objects reloaded before import = 0
Number of asset objects unloaded after import = 0
========================================================================
Received Import Request.
  Time since last request: 0.005504 seconds.
  path: Assets/FreeVegetation-LowPolyNature/FreeVegetation/Prefabs/FallenTree_1_2.prefab
  artifactKey: Guid(7bd8a99d77d246b41b47d6f0958d6e89) Importer(815301076,1909f56bfc062723c751e8b465ee728b)
Start importing Assets/FreeVegetation-LowPolyNature/FreeVegetation/Prefabs/FallenTree_1_2.prefab using Guid(7bd8a99d77d246b41b47d6f0958d6e89) Importer(815301076,1909f56bfc062723c751e8b465ee728b)  -> (artifact id: '4ac4c8ca202778fbc5b25dc723ff25d2') in 0.014698 seconds
Number of updated asset objects reloaded before import = 0
Number of asset objects unloaded after import = 132
========================================================================
Received Import Request.
  Time since last request: 0.002936 seconds.
  path: Assets/NewBehaviourScript.cs
  artifactKey: Guid(536852819882a4e419af57f792c74dd8) Importer(815301076,1909f56bfc062723c751e8b465ee728b)
Start importing Assets/NewBehaviourScript.cs using Guid(536852819882a4e419af57f792c74dd8) Importer(815301076,1909f56bfc062723c751e8b465ee728b)  -> (artifact id: '5ed53f5fa81e18f9f3c3cb545d3adce8') in 0.000655 seconds
Number of updated asset objects reloaded before import = 0
Number of asset objects unloaded after import = 0
========================================================================
Received Import Request.
  Time since last request: 0.005841 seconds.
  path: Assets/SkySeries Freebie/ExampleScenes/SceneObjects/4_10.mat
  artifactKey: Guid(db3bceb128d32144ca6fd4550ac256bc) Importer(815301076,1909f56bfc062723c751e8b465ee728b)
Start importing Assets/SkySeries Freebie/ExampleScenes/SceneObjects/4_10.mat using Guid(db3bceb128d32144ca6fd4550ac256bc) Importer(815301076,1909f56bfc062723c751e8b465ee728b)  -> (artifact id: 'ab496272ce1c9ce02823634243b32daf') in 0.013170 seconds
Number of updated asset objects reloaded before import = 0
Number of asset objects unloaded after import = 1
========================================================================
Received Import Request.
  Time since last request: 0.002761 seconds.
  path: Assets/Textures/personagem/Face
  artifactKey: Guid(7f7be2fa2d5eab443b8eaf4f1319c7ba) Importer(815301076,1909f56bfc062723c751e8b465ee728b)
Start importing Assets/Textures/personagem/Face using Guid(7f7be2fa2d5eab443b8eaf4f1319c7ba) Importer(815301076,1909f56bfc062723c751e8b465ee728b)  -> (artifact id: '25e75975593a192cb45568319908e93d') in 0.000523 seconds
Number of updated asset objects reloaded before import = 0
Number of asset objects unloaded after import = 0
========================================================================
Received Import Request.
  Time since last request: 0.002541 seconds.
  path: Assets/Textures/personagem/Face/Materials
  artifactKey: Guid(7fbe8e5828173a54cb92ef694a1d116d) Importer(815301076,1909f56bfc062723c751e8b465ee728b)
Start importing Assets/Textures/personagem/Face/Materials using Guid(7fbe8e5828173a54cb92ef694a1d116d) Importer(815301076,1909f56bfc062723c751e8b465ee728b)  -> (artifact id: 'abd01b79bdc0d5c2dc2c4a2cb2ebc7cd') in 0.000495 seconds
Number of updated asset objects reloaded before import = 0
Number of asset objects unloaded after import = 0
========================================================================
Received Import Request.
  Time since last request: 0.020028 seconds.
  path: Assets/Textures/personagem/tor+ºo/outfit-f-casual-01-v2-top-N.jpg
  artifactKey: Guid(a212295fbfd01b949871796a2daa602e) Importer(815301076,1909f56bfc062723c751e8b465ee728b)
Start importing Assets/Textures/personagem/tor+ºo/outfit-f-casual-01-v2-top-N.jpg using Guid(a212295fbfd01b949871796a2daa602e) Importer(815301076,1909f56bfc062723c751e8b465ee728b)  -> (artifact id: '0c362e616b5581a805c40008dc02e2c9') in 0.022037 seconds
Number of updated asset objects reloaded before import = 0
Number of asset objects unloaded after import = 2
========================================================================
Received Import Request.
  Time since last request: 0.047902 seconds.
  path: Assets/SkySeries Freebie/ExampleScenes/SceneObjects/DemoObjects.prefab
  artifactKey: Guid(88c20de6c1dc0f04abeaffaac0a9a6cf) Importer(815301076,1909f56bfc062723c751e8b465ee728b)
Start importing Assets/SkySeries Freebie/ExampleScenes/SceneObjects/DemoObjects.prefab using Guid(88c20de6c1dc0f04abeaffaac0a9a6cf) Importer(815301076,1909f56bfc062723c751e8b465ee728b)  -> (artifact id: '6ccc71803063017c261bf6a5156951fe') in 0.017997 seconds
Number of updated asset objects reloaded before import = 0
Number of asset objects unloaded after import = 76
========================================================================
Received Import Request.
  Time since last request: 0.043918 seconds.
  path: Assets/FreeVegetation-LowPolyNature/FreeVegetation
  artifactKey: Guid(91d8f4b4077ba1b47aad4b20f0c152e6) Importer(815301076,1909f56bfc062723c751e8b465ee728b)
Start importing Assets/FreeVegetation-LowPolyNature/FreeVegetation using Guid(91d8f4b4077ba1b47aad4b20f0c152e6) Importer(815301076,1909f56bfc062723c751e8b465ee728b)  -> (artifact id: '08cfd3675705896f02b4641cee325069') in 0.000604 seconds
Number of updated asset objects reloaded before import = 0
Number of asset objects unloaded after import = 0
========================================================================
Received Import Request.
  Time since last request: 0.002526 seconds.
  path: Assets/Unity.VisualScripting.Generated
  artifactKey: Guid(1e417199e016cc648963faf58e48e1c7) Importer(815301076,1909f56bfc062723c751e8b465ee728b)
Start importing Assets/Unity.VisualScripting.Generated using Guid(1e417199e016cc648963faf58e48e1c7) Importer(815301076,1909f56bfc062723c751e8b465ee728b)  -> (artifact id: '9790b7683c2cbd596e4f423b2709de20') in 0.000631 seconds
Number of updated asset objects reloaded before import = 0
Number of asset objects unloaded after import = 0
========================================================================
Received Import Request.
  Time since last request: 0.038054 seconds.
  path: Assets/FreeVegetation-LowPolyNature/Effects
  artifactKey: Guid(7adbf7368caf95e42bbb77b08a2414fa) Importer(815301076,1909f56bfc062723c751e8b465ee728b)
Start importing Assets/FreeVegetation-LowPolyNature/Effects using Guid(7adbf7368caf95e42bbb77b08a2414fa) Importer(815301076,1909f56bfc062723c751e8b465ee728b)  -> (artifact id: '3cbb1134ac4d008064904fe25de120f6') in 0.000598 seconds
Number of updated asset objects reloaded before import = 0
Number of asset objects unloaded after import = 0
========================================================================
Received Import Request.
  Time since last request: 0.002412 seconds.
  path: Assets/Textures/personagem/cabelo/Materials
  artifactKey: Guid(d3aeea2bf6ee05f438d8f824fd548cdd) Importer(815301076,1909f56bfc062723c751e8b465ee728b)
Start importing Assets/Textures/personagem/cabelo/Materials using Guid(d3aeea2bf6ee05f438d8f824fd548cdd) Importer(815301076,1909f56bfc062723c751e8b465ee728b)  -> (artifact id: '4198854003ed73e5306033477b51a6f8') in 0.000527 seconds
Number of updated asset objects reloaded before import = 0
Number of asset objects unloaded after import = 0
========================================================================
Received Import Request.
  Time since last request: 0.006416 seconds.
  path: Assets/Textures/personagem/mão/Materials/baseColor.002.mat
  artifactKey: Guid(5413c3679e5a1dc41a38fa36915988ae) Importer(815301076,1909f56bfc062723c751e8b465ee728b)
Start importing Assets/Textures/personagem/mão/Materials/baseColor.002.mat using Guid(5413c3679e5a1dc41a38fa36915988ae) Importer(815301076,1909f56bfc062723c751e8b465ee728b)  -> (artifact id: '7a0379d05966891cf4e1997e8f0b7e0f') in 0.014333 seconds
Number of updated asset objects reloaded before import = 0
Number of asset objects unloaded after import = 2
========================================================================
Received Import Request.
  Time since last request: 0.005871 seconds.
  path: Assets/Textures/personagem/mão/Materials/Wolf3D_Female_Athletic_nm.mat
  artifactKey: Guid(de2a2371d6ac99f46bc27de1f4e5f60e) Importer(815301076,1909f56bfc062723c751e8b465ee728b)
Start importing Assets/Textures/personagem/mão/Materials/Wolf3D_Female_Athletic_nm.mat using Guid(de2a2371d6ac99f46bc27de1f4e5f60e) Importer(815301076,1909f56bfc062723c751e8b465ee728b)  -> (artifact id: 'b1dccb1009de0cdff24c9677326beed3') in 0.013849 seconds
Number of updated asset objects reloaded before import = 0
Number of asset objects unloaded after import = 2
========================================================================
Received Import Request.
  Time since last request: 0.002701 seconds.
  path: Assets/Character
  artifactKey: Guid(448feb4cc99373e44ac620418da06acd) Importer(815301076,1909f56bfc062723c751e8b465ee728b)
Start importing Assets/Character using Guid(448feb4cc99373e44ac620418da06acd) Importer(815301076,1909f56bfc062723c751e8b465ee728b)  -> (artifact id: '50e4c36f70989e8b9c2059aabc464e38') in 0.000574 seconds
Number of updated asset objects reloaded before import = 0
Number of asset objects unloaded after import = 0
========================================================================
Received Import Request.
  Time since last request: 0.002335 seconds.
  path: Assets/FreeVegetation-LowPolyNature/FreeVegetation/Materials
  artifactKey: Guid(9a5457ce8d0d06042b1f644327c18a99) Importer(815301076,1909f56bfc062723c751e8b465ee728b)
Start importing Assets/FreeVegetation-LowPolyNature/FreeVegetation/Materials using Guid(9a5457ce8d0d06042b1f644327c18a99) Importer(815301076,1909f56bfc062723c751e8b465ee728b)  -> (artifact id: 'ba7da23d4f9d40b497f108952203e902') in 0.000490 seconds
Number of updated asset objects reloaded before import = 0
Number of asset objects unloaded after import = 0
========================================================================
Received Import Request.
  Time since last request: 0.017155 seconds.
  path: Assets/Textures/personagem/cabelo/baseColor.003.jpg
  artifactKey: Guid(43cb0b84503d4064686ddaba42577aca) Importer(815301076,1909f56bfc062723c751e8b465ee728b)
Start importing Assets/Textures/personagem/cabelo/baseColor.003.jpg using Guid(43cb0b84503d4064686ddaba42577aca) Importer(815301076,1909f56bfc062723c751e8b465ee728b)  -> (artifact id: '0f6dc13d1ca958ac7aa0cd363f82ebf7') in 0.012750 seconds
Number of updated asset objects reloaded before import = 0
Number of asset objects unloaded after import = 2
========================================================================
Received Import Request.
  Time since last request: 0.224873 seconds.
  path: Assets/SkySeries Freebie/ExampleScenes/CloudyMorning.unity
  artifactKey: Guid(3ed7059aff13dc14fbe949f7f63b522f) Importer(815301076,1909f56bfc062723c751e8b465ee728b)
Start importing Assets/SkySeries Freebie/ExampleScenes/CloudyMorning.unity using Guid(3ed7059aff13dc14fbe949f7f63b522f) Importer(815301076,1909f56bfc062723c751e8b465ee728b)  -> (artifact id: '0f4fcd2107436c1e0481dedacd5eb351') in 0.000798 seconds
Number of updated asset objects reloaded before import = 0
Number of asset objects unloaded after import = 0
========================================================================
Received Import Request.
  Time since last request: 0.110481 seconds.
  path: Assets/Controller.cs
  artifactKey: Guid(3405cd67e506d9b44b31822bcc1f512e) Importer(815301076,1909f56bfc062723c751e8b465ee728b)
Start importing Assets/Controller.cs using Guid(3405cd67e506d9b44b31822bcc1f512e) Importer(815301076,1909f56bfc062723c751e8b465ee728b)  -> (artifact id: '7518d94187df1ea898a3207199b9bfa5') in 0.000632 seconds
Number of updated asset objects reloaded before import = 0
Number of asset objects unloaded after import = 0
========================================================================
Received Import Request.
  Time since last request: 0.125954 seconds.
  path: Assets/Textures/personagem/torço/Materials/outfit-f-casual-01-v2-top-D.mat
  artifactKey: Guid(28a6a850ceb1d6543a4712a8350dc1df) Importer(815301076,1909f56bfc062723c751e8b465ee728b)
Start importing Assets/Textures/personagem/torço/Materials/outfit-f-casual-01-v2-top-D.mat using Guid(28a6a850ceb1d6543a4712a8350dc1df) Importer(815301076,1909f56bfc062723c751e8b465ee728b)  -> (artifact id: 'dfc1ea4368f148a510ad70925c57bde2') in 0.015070 seconds
Number of updated asset objects reloaded before import = 0
Number of asset objects unloaded after import = 2
========================================================================
Received Import Request.
  Time since last request: 0.003148 seconds.
  path: Assets/FreeVegetation-LowPolyNature/_TerrainAutoUpgrade/layer_GrassColorLowPolyNormal3d3aba195e4d26ee.terrainlayer
  artifactKey: Guid(f2829539d060a5f4e8f5367023aa6301) Importer(815301076,1909f56bfc062723c751e8b465ee728b)
Start importing Assets/FreeVegetation-LowPolyNature/_TerrainAutoUpgrade/layer_GrassColorLowPolyNormal3d3aba195e4d26ee.terrainlayer using Guid(f2829539d060a5f4e8f5367023aa6301) Importer(815301076,1909f56bfc062723c751e8b465ee728b)  -> (artifact id: '39dc9692cc56fe5fe9493ab7d8264553') in 0.029367 seconds
Number of updated asset objects reloaded before import = 0
Number of asset objects unloaded after import = 4
========================================================================
Received Import Request.
  Time since last request: 0.000878 seconds.
  path: Assets/Textures/personagem/m+úo
  artifactKey: Guid(c7fbd06251bfa5a4591066c59f62f14c) Importer(815301076,1909f56bfc062723c751e8b465ee728b)
Start importing Assets/Textures/personagem/m+úo using Guid(c7fbd06251bfa5a4591066c59f62f14c) Importer(815301076,1909f56bfc062723c751e8b465ee728b)  -> (artifact id: '6220f694417aa55a2c302081cbd552ef') in 0.000630 seconds
Number of updated asset objects reloaded before import = 0
Number of asset objects unloaded after import = 0
========================================================================
Received Import Request.
  Time since last request: 0.372204 seconds.
  path: Assets/Textures/personagem/Face/Materials/baseColor.001.mat
  artifactKey: Guid(f24ff5a0a416f1a4b818f1035cf4cf30) Importer(815301076,1909f56bfc062723c751e8b465ee728b)
Start importing Assets/Textures/personagem/Face/Materials/baseColor.001.mat using Guid(f24ff5a0a416f1a4b818f1035cf4cf30) Importer(815301076,1909f56bfc062723c751e8b465ee728b)  -> (artifact id: '8f4b814b028328e44a46351091584627') in 0.019113 seconds
Number of updated asset objects reloaded before import = 0
Number of asset objects unloaded after import = 2
========================================================================
Received Import Request.
  Time since last request: 0.002561 seconds.
  path: Assets/Textures/personagem/torço
  artifactKey: Guid(cb6c811c2cdac9747917a6b35d06383e) Importer(815301076,1909f56bfc062723c751e8b465ee728b)
Start importing Assets/Textures/personagem/torço using Guid(cb6c811c2cdac9747917a6b35d06383e) Importer(815301076,1909f56bfc062723c751e8b465ee728b)  -> (artifact id: '9e05d0dc391465a3c5bb3e348e829457') in 0.000570 seconds
Number of updated asset objects reloaded before import = 0
Number of asset objects unloaded after import = 0
========================================================================
Received Import Request.
  Time since last request: 0.003014 seconds.
  path: Assets/SkySeries Freebie/ExampleScenes/Daylightfreebiedemo.unity
  artifactKey: Guid(aa96a8c1d168fcb4ea92cd8558fe7a46) Importer(815301076,1909f56bfc062723c751e8b465ee728b)
Start importing Assets/SkySeries Freebie/ExampleScenes/Daylightfreebiedemo.unity using Guid(aa96a8c1d168fcb4ea92cd8558fe7a46) Importer(815301076,1909f56bfc062723c751e8b465ee728b)  -> (artifact id: '16b5f79c68486c7607011bfa1929c54b') in 0.000763 seconds
Number of updated asset objects reloaded before import = 0
Number of asset objects unloaded after import = 0
========================================================================
Received Import Request.
  Time since last request: 0.169560 seconds.
  path: Assets/Textures/personagem/cal+ºado/outfit-f-casual-01-v2-footwear-R.jpg
  artifactKey: Guid(ee10b829b4587b6479a4af3b8db68bca) Importer(815301076,1909f56bfc062723c751e8b465ee728b)
Start importing Assets/Textures/personagem/cal+ºado/outfit-f-casual-01-v2-footwear-R.jpg using Guid(ee10b829b4587b6479a4af3b8db68bca) Importer(815301076,1909f56bfc062723c751e8b465ee728b)  -> (artifact id: '5fbdc78f1d239e5165f3013dd030286b') in 0.015852 seconds
Number of updated asset objects reloaded before import = 0
Number of asset objects unloaded after import = 2
========================================================================
Received Import Request.
  Time since last request: 0.004023 seconds.
  path: Assets/New Terrain 1.asset
  artifactKey: Guid(63aa89d142824f9419faa66df56a3683) Importer(815301076,1909f56bfc062723c751e8b465ee728b)
Start importing Assets/New Terrain 1.asset using Guid(63aa89d142824f9419faa66df56a3683) Importer(815301076,1909f56bfc062723c751e8b465ee728b)  -> (artifact id: '7bcfb2e9e2da3d8c968e3e342da84405') in 0.006176 seconds
Number of updated asset objects reloaded before import = 0
Number of asset objects unloaded after import = 1
========================================================================
Received Import Request.
  Time since last request: 0.108771 seconds.
  path: Assets/FreeVegetation-LowPolyNature/FreeVegetation/Materials/TrunkDamage_1.mat
  artifactKey: Guid(23c20ac7f6d472942a1dd905e69fc6f6) Importer(815301076,1909f56bfc062723c751e8b465ee728b)
Start importing Assets/FreeVegetation-LowPolyNature/FreeVegetation/Materials/TrunkDamage_1.mat using Guid(23c20ac7f6d472942a1dd905e69fc6f6) Importer(815301076,1909f56bfc062723c751e8b465ee728b)  -> (artifact id: '61bab90a165001368706751f2ce5ab14') in 0.016705 seconds
Number of updated asset objects reloaded before import = 0
Number of asset objects unloaded after import = 1
========================================================================
Received Import Request.
  Time since last request: 0.002542 seconds.
  path: Assets/Textures/personagem/mão
  artifactKey: Guid(f3ab7dfaa1ba4a242991673170647000) Importer(815301076,1909f56bfc062723c751e8b465ee728b)
Start importing Assets/Textures/personagem/mão using Guid(f3ab7dfaa1ba4a242991673170647000) Importer(815301076,1909f56bfc062723c751e8b465ee728b)  -> (artifact id: '018f0ff656eeba01e217fe9632ae5188') in 0.000499 seconds
Number of updated asset objects reloaded before import = 0
Number of asset objects unloaded after import = 0
========================================================================
Received Import Request.
  Time since last request: 0.048080 seconds.
  path: Assets/Textures/personagem/tor+ºo/Materials/outfit-f-casual-01-v2-top-N.mat
  artifactKey: Guid(490cbad691f16bf4c97d6ef24f03f767) Importer(815301076,1909f56bfc062723c751e8b465ee728b)
Start importing Assets/Textures/personagem/tor+ºo/Materials/outfit-f-casual-01-v2-top-N.mat using Guid(490cbad691f16bf4c97d6ef24f03f767) Importer(815301076,1909f56bfc062723c751e8b465ee728b)  -> (artifact id: 'c9e96a3a4893ab27bad84ab4b984aec9') in 0.013740 seconds
Number of updated asset objects reloaded before import = 0
Number of asset objects unloaded after import = 2
========================================================================
Received Import Request.
  Time since last request: 0.002407 seconds.
  path: Assets/Textures/personagem/mão/Materials
  artifactKey: Guid(e7a882fd0d477af49907861a68a71c49) Importer(815301076,1909f56bfc062723c751e8b465ee728b)
Start importing Assets/Textures/personagem/mão/Materials using Guid(e7a882fd0d477af49907861a68a71c49) Importer(815301076,1909f56bfc062723c751e8b465ee728b)  -> (artifact id: '937dfd660388df1a44baa515d6191181') in 0.000540 seconds
Number of updated asset objects reloaded before import = 0
Number of asset objects unloaded after import = 0
========================================================================
Received Import Request.
  Time since last request: 0.002092 seconds.
  path: Assets/Textures/personagem/m+úo/Materials
  artifactKey: Guid(7f5ca23ecf283ac42b32776d6434f3c2) Importer(815301076,1909f56bfc062723c751e8b465ee728b)
Start importing Assets/Textures/personagem/m+úo/Materials using Guid(7f5ca23ecf283ac42b32776d6434f3c2) Importer(815301076,1909f56bfc062723c751e8b465ee728b)  -> (artifact id: '9a9fe9888f8e0aec2555b50d4ad4223b') in 0.000489 seconds
Number of updated asset objects reloaded before import = 0
Number of asset objects unloaded after import = 0
========================================================================
Received Import Request.
  Time since last request: 0.276427 seconds.
  path: Assets/SkySeries Freebie/ExampleScenes/UnEarthlyRed.unity
  artifactKey: Guid(acc44db00cf3703479df04ea90bad261) Importer(815301076,1909f56bfc062723c751e8b465ee728b)
Start importing Assets/SkySeries Freebie/ExampleScenes/UnEarthlyRed.unity using Guid(acc44db00cf3703479df04ea90bad261) Importer(815301076,1909f56bfc062723c751e8b465ee728b)  -> (artifact id: 'e395286f082af8c90a2b4bb7da3a1db0') in 0.000555 seconds
Number of updated asset objects reloaded before import = 0
Number of asset objects unloaded after import = 0
========================================================================
Received Import Request.
  Time since last request: 0.050062 seconds.
  path: Assets/FreeVegetation-LowPolyNature/FreeVegetation/Prefabs/Bush_1_1.prefab
  artifactKey: Guid(736a3a898da8f894593c271ad73d5f1f) Importer(815301076,1909f56bfc062723c751e8b465ee728b)
Start importing Assets/FreeVegetation-LowPolyNature/FreeVegetation/Prefabs/Bush_1_1.prefab using Guid(736a3a898da8f894593c271ad73d5f1f) Importer(815301076,1909f56bfc062723c751e8b465ee728b)  -> (artifact id: '8bd5ec0a90b87e45742786208e8ddd0b') in 0.013168 seconds
Number of updated asset objects reloaded before import = 0
Number of asset objects unloaded after import = 16
========================================================================
Received Import Request.
  Time since last request: 0.076383 seconds.
  path: Assets/FreeVegetation-LowPolyNature/Demo/Terrain.asset
  artifactKey: Guid(b7b0c130a920d7545911531cd6112294) Importer(815301076,1909f56bfc062723c751e8b465ee728b)
Start importing Assets/FreeVegetation-LowPolyNature/Demo/Terrain.asset using Guid(b7b0c130a920d7545911531cd6112294) Importer(815301076,1909f56bfc062723c751e8b465ee728b) 
=================================================================
	Native Crash Reporting
=================================================================
Got a UNKNOWN while executing native code. This usually indicates
a fatal error in the mono runtime or one of the native libraries 
used by your application.
=================================================================

=================================================================
	Managed Stacktrace:
=================================================================
=================================================================
Received signal SIGSEGV
Obtained 35 stack frames
0x00007ff737c31ecd (Unity) <lambda_72d4138e75637852f4266ed91400ed85>::operator()
0x00007ff737c2d931 (Unity) LMDB_Transaction::Run
0x00007ff737bc0579 (Unity) SourceAssetDBWriteTxn::Run
0x00007ff737c37b13 (Unity) SourceAssetScanner::Refresh
0x00007ff737bf8554 (Unity) Scan
0x00007ff737be7c56 (Unity) ImportAtPathV2
0x00007ff737b66a62 (Unity) AssetDatabase::ImportAtPath
0x00007ff73704d75f (Unity) SplatDatabase::CreateTerrainLayersFromDeprecatedSplats
0x00007ff73704bcbe (Unity) SplatDatabase::ConvertSplatsToTerrainLayers
0x00007ff7370483ec (Unity) SplatDatabase::AwakeFromLoad
0x00007ff7370799a9 (Unity) TerrainData::AwakeFromLoad
0x00007ff73687641d (Unity) AwakeFromLoadQueue::InvokePersistentManagerAwake
0x00007ff7368773f1 (Unity) AwakeFromLoadQueue::PersistentManagerSingleQueueAwakeFromLoad
0x00007ff736877060 (Unity) AwakeFromLoadQueue::PersistentManagerAwakeFromLoad_NoChecks
0x00007ff73684889f (Unity) PersistentManager::IntegrateAllThreadedObjects
0x00007ff7368491c0 (Unity) PersistentManager::LoadAndIntegrateAllPreallocatedObjects
0x00007ff73684d5b2 (Unity) PersistentManager::ReadObject
0x00007ff737b52043 (Unity) WritePreviews
0x00007ff737b4915f (Unity) PreviewImporter::GenerateAssetData
0x00007ff737b936e5 (Unity) ImportToObjects
0x00007ff737b926cc (Unity) ImportAsset
0x00007ff737bb7528 (Unity) AssetImportWorker::Import
0x00007ff737c1efd2 (Unity) <lambda_183697078dc22ecb201e4599e9982eaf>::operator()
0x00007ff737c5b292 (Unity) asio::detail::completion_handler<core::mutable_function<void __cdecl(void)>,asio::io_context::basic_executor_type<std::allocator<void>,0> >::do_complete
0x00007ff737c4723e (Unity) asio::detail::win_iocp_io_context::do_one
0x00007ff737c48ea4 (Unity) asio::detail::win_iocp_io_context::run
0x00007ff737c5963c (Unity) IOService::Run
0x00007ff737c2d85f (Unity) AssetImportWorkerClient::Run
0x00007ff737bf8427 (Unity) RunAssetImportWorkerClientV2
0x00007ff737bf84ab (Unity) RunAssetImporterV2
0x00007ff7373f79b3 (Unity) Application::InitializeProject
0x00007ff737882735 (Unity) WinMain
0x00007ff738c661be (Unity) __scrt_common_main_seh
0x00007ffb648c257d (KERNEL32) BaseThreadInitThunk
0x00007ffb6630aa58 (ntdll) RtlUserThreadStart

